{"__type":"$$EventMessageAudit","id":"cda1d8df-5e1b-45d9-a5bf-080a4c378830","ts":"2025-11-24T09:30:02.638+00:00","eventName":"n8n.audit.workflow.created","message":"n8n.audit.workflow.created","payload":{"userId":"37b1115d-371f-481d-9048-d416b0a0b749","_email":"karolsalvador91@gmail.com","_firstName":"Karoline","_lastName":"Salvador","globalRole":"global:owner","workflowId":"c1hIM80c3gP5Yqv6","workflowName":"My workflow"}}
{"__type":"$$EventMessageConfirm","confirm":"cda1d8df-5e1b-45d9-a5bf-080a4c378830","ts":"2025-11-24T09:30:02.646+00:00","source":{"id":"0","name":"eventBus"}}
{"__type":"$$EventMessageAudit","id":"a0c1af17-9e3f-4d29-adb4-525a89c5d755","ts":"2025-11-24T09:30:02.915+00:00","eventName":"n8n.audit.workflow.updated","message":"n8n.audit.workflow.updated","payload":{"userId":"37b1115d-371f-481d-9048-d416b0a0b749","_email":"karolsalvador91@gmail.com","_firstName":"Karoline","_lastName":"Salvador","globalRole":"global:owner","workflowId":"c1hIM80c3gP5Yqv6","workflowName":"My workflow"}}
{"__type":"$$EventMessageConfirm","confirm":"a0c1af17-9e3f-4d29-adb4-525a89c5d755","ts":"2025-11-24T09:30:02.916+00:00","source":{"id":"0","name":"eventBus"}}
{"__type":"$$EventMessageAudit","id":"3f29875b-e5d4-4c72-bf1a-ca8e24b61e8c","ts":"2025-11-24T04:30:09.427-05:00","eventName":"n8n.audit.workflow.updated","message":"n8n.audit.workflow.updated","payload":{"userId":"37b1115d-371f-481d-9048-d416b0a0b749","_email":"karolsalvador91@gmail.com","_firstName":"Karoline","_lastName":"Salvador","globalRole":"global:owner","workflowId":"c1hIM80c3gP5Yqv6","workflowName":"API Mock Restaurantes"}}
{"__type":"$$EventMessageConfirm","confirm":"3f29875b-e5d4-4c72-bf1a-ca8e24b61e8c","ts":"2025-11-24T04:30:09.427-05:00","source":{"id":"0","name":"eventBus"}}
{"__type":"$$EventMessageWorkflow","id":"15b1c9cf-806c-46c9-89a0-a27e371fc416","ts":"2025-11-24T04:33:15.694-05:00","eventName":"n8n.workflow.started","message":"n8n.workflow.started","payload":{"executionId":"1","workflowId":"c1hIM80c3gP5Yqv6","isManual":false,"workflowName":"API Mock Restaurantes"}}
{"__type":"$$EventMessageConfirm","confirm":"15b1c9cf-806c-46c9-89a0-a27e371fc416","ts":"2025-11-24T04:33:15.696-05:00","source":{"id":"0","name":"eventBus"}}
{"__type":"$$EventMessageNode","id":"a3d2164b-0067-49d4-8593-32ac6ddce552","ts":"2025-11-24T04:33:15.705-05:00","eventName":"n8n.node.started","message":"n8n.node.started","payload":{"workflowId":"c1hIM80c3gP5Yqv6","workflowName":"API Mock Restaurantes","executionId":"1","nodeType":"n8n-nodes-base.webhook","nodeName":"Webhook","nodeId":"f5f371d2-1ddd-4bb3-b3c5-d0aba7c66f49"}}
{"__type":"$$EventMessageConfirm","confirm":"a3d2164b-0067-49d4-8593-32ac6ddce552","ts":"2025-11-24T04:33:15.705-05:00","source":{"id":"0","name":"eventBus"}}
{"__type":"$$EventMessageNode","id":"beb3ffc7-dc2a-44cd-854c-39263f5de1c4","ts":"2025-11-24T04:33:15.712-05:00","eventName":"n8n.node.finished","message":"n8n.node.finished","payload":{"workflowId":"c1hIM80c3gP5Yqv6","workflowName":"API Mock Restaurantes","executionId":"1","nodeType":"n8n-nodes-base.webhook","nodeName":"Webhook","nodeId":"f5f371d2-1ddd-4bb3-b3c5-d0aba7c66f49"}}
{"__type":"$$EventMessageConfirm","confirm":"beb3ffc7-dc2a-44cd-854c-39263f5de1c4","ts":"2025-11-24T04:33:15.713-05:00","source":{"id":"0","name":"eventBus"}}
{"__type":"$$EventMessageNode","id":"7b49deff-6117-48dd-8035-c8da237cd28b","ts":"2025-11-24T04:33:15.716-05:00","eventName":"n8n.node.started","message":"n8n.node.started","payload":{"workflowId":"c1hIM80c3gP5Yqv6","workflowName":"API Mock Restaurantes","executionId":"1","nodeType":"n8n-nodes-base.set","nodeName":"Edit Fields","nodeId":"286c2f23-a009-4e54-a95f-410316c89d07"}}
{"__type":"$$EventMessageConfirm","confirm":"7b49deff-6117-48dd-8035-c8da237cd28b","ts":"2025-11-24T04:33:15.717-05:00","source":{"id":"0","name":"eventBus"}}
{"__type":"$$EventMessageNode","id":"f22f9896-f4d3-4b60-96b9-376b6ad22745","ts":"2025-11-24T04:33:15.838-05:00","eventName":"n8n.node.finished","message":"n8n.node.finished","payload":{"workflowId":"c1hIM80c3gP5Yqv6","workflowName":"API Mock Restaurantes","executionId":"1","nodeType":"n8n-nodes-base.set","nodeName":"Edit Fields","nodeId":"286c2f23-a009-4e54-a95f-410316c89d07"}}
{"__type":"$$EventMessageConfirm","confirm":"f22f9896-f4d3-4b60-96b9-376b6ad22745","ts":"2025-11-24T04:33:15.839-05:00","source":{"id":"0","name":"eventBus"}}
{"__type":"$$EventMessageWorkflow","id":"ad43fedd-37ca-46ad-a600-3f87f2ad0d51","ts":"2025-11-24T04:33:15.855-05:00","eventName":"n8n.workflow.failed","message":"n8n.workflow.failed","payload":{"executionId":"1","success":false,"isManual":true,"workflowId":"c1hIM80c3gP5Yqv6","workflowName":"API Mock Restaurantes","lastNodeExecuted":"Edit Fields","errorNodeType":"n8n-nodes-base.set","errorMessage":"The 'JSON Output' in item 0 contains invalid JSON"}}
{"__type":"$$EventMessageConfirm","confirm":"ad43fedd-37ca-46ad-a600-3f87f2ad0d51","ts":"2025-11-24T04:33:15.855-05:00","source":{"id":"0","name":"eventBus"}}
{"__type":"$$EventMessageWorkflow","id":"c1dc6210-4f31-4d76-94cc-6a54d6177c03","ts":"2025-11-24T04:35:14.469-05:00","eventName":"n8n.workflow.started","message":"n8n.workflow.started","payload":{"executionId":"2","workflowId":"c1hIM80c3gP5Yqv6","isManual":false,"workflowName":"API Mock Restaurantes"}}
{"__type":"$$EventMessageConfirm","confirm":"c1dc6210-4f31-4d76-94cc-6a54d6177c03","ts":"2025-11-24T04:35:14.470-05:00","source":{"id":"0","name":"eventBus"}}
{"__type":"$$EventMessageNode","id":"1bee6551-c31c-40cb-b190-121310cad664","ts":"2025-11-24T04:35:14.472-05:00","eventName":"n8n.node.started","message":"n8n.node.started","payload":{"workflowId":"c1hIM80c3gP5Yqv6","workflowName":"API Mock Restaurantes","executionId":"2","nodeType":"n8n-nodes-base.webhook","nodeName":"Webhook","nodeId":"f5f371d2-1ddd-4bb3-b3c5-d0aba7c66f49"}}
{"__type":"$$EventMessageConfirm","confirm":"1bee6551-c31c-40cb-b190-121310cad664","ts":"2025-11-24T04:35:14.472-05:00","source":{"id":"0","name":"eventBus"}}
{"__type":"$$EventMessageNode","id":"0d452ee4-b3f5-4ece-8b49-463057b1c0d2","ts":"2025-11-24T04:35:14.473-05:00","eventName":"n8n.node.finished","message":"n8n.node.finished","payload":{"workflowId":"c1hIM80c3gP5Yqv6","workflowName":"API Mock Restaurantes","executionId":"2","nodeType":"n8n-nodes-base.webhook","nodeName":"Webhook","nodeId":"f5f371d2-1ddd-4bb3-b3c5-d0aba7c66f49"}}
{"__type":"$$EventMessageConfirm","confirm":"0d452ee4-b3f5-4ece-8b49-463057b1c0d2","ts":"2025-11-24T04:35:14.473-05:00","source":{"id":"0","name":"eventBus"}}
{"__type":"$$EventMessageNode","id":"1168f73d-01cf-4ffc-bce8-468e407f1632","ts":"2025-11-24T04:35:14.475-05:00","eventName":"n8n.node.started","message":"n8n.node.started","payload":{"workflowId":"c1hIM80c3gP5Yqv6","workflowName":"API Mock Restaurantes","executionId":"2","nodeType":"n8n-nodes-base.set","nodeName":"Edit Fields","nodeId":"286c2f23-a009-4e54-a95f-410316c89d07"}}
{"__type":"$$EventMessageConfirm","confirm":"1168f73d-01cf-4ffc-bce8-468e407f1632","ts":"2025-11-24T04:35:14.476-05:00","source":{"id":"0","name":"eventBus"}}
{"__type":"$$EventMessageNode","id":"24163fb1-1638-473b-9b25-dd1d4cba0b0f","ts":"2025-11-24T04:35:14.484-05:00","eventName":"n8n.node.finished","message":"n8n.node.finished","payload":{"workflowId":"c1hIM80c3gP5Yqv6","workflowName":"API Mock Restaurantes","executionId":"2","nodeType":"n8n-nodes-base.set","nodeName":"Edit Fields","nodeId":"286c2f23-a009-4e54-a95f-410316c89d07"}}
{"__type":"$$EventMessageConfirm","confirm":"24163fb1-1638-473b-9b25-dd1d4cba0b0f","ts":"2025-11-24T04:35:14.484-05:00","source":{"id":"0","name":"eventBus"}}
{"__type":"$$EventMessageWorkflow","id":"cec073b2-a30c-40ce-b88a-564f52ee09c9","ts":"2025-11-24T04:35:14.493-05:00","eventName":"n8n.workflow.failed","message":"n8n.workflow.failed","payload":{"executionId":"2","success":false,"isManual":true,"workflowId":"c1hIM80c3gP5Yqv6","workflowName":"API Mock Restaurantes","lastNodeExecuted":"Edit Fields","errorNodeType":"n8n-nodes-base.set","errorMessage":"The 'JSON Output' in item 0 contains invalid JSON"}}
{"__type":"$$EventMessageConfirm","confirm":"cec073b2-a30c-40ce-b88a-564f52ee09c9","ts":"2025-11-24T04:35:14.494-05:00","source":{"id":"0","name":"eventBus"}}
{"__type":"$$EventMessageWorkflow","id":"c06a484e-bca9-49f7-acaa-84c79f6be654","ts":"2025-11-24T04:36:30.481-05:00","eventName":"n8n.workflow.started","message":"n8n.workflow.started","payload":{"executionId":"3","workflowId":"c1hIM80c3gP5Yqv6","isManual":false,"workflowName":"API Mock Restaurantes"}}
{"__type":"$$EventMessageConfirm","confirm":"c06a484e-bca9-49f7-acaa-84c79f6be654","ts":"2025-11-24T04:36:30.481-05:00","source":{"id":"0","name":"eventBus"}}
{"__type":"$$EventMessageNode","id":"fbaff2c5-3afd-4364-b5da-5b3fb09b046c","ts":"2025-11-24T04:36:30.483-05:00","eventName":"n8n.node.started","message":"n8n.node.started","payload":{"workflowId":"c1hIM80c3gP5Yqv6","workflowName":"API Mock Restaurantes","executionId":"3","nodeType":"n8n-nodes-base.webhook","nodeName":"Webhook","nodeId":"f5f371d2-1ddd-4bb3-b3c5-d0aba7c66f49"}}
{"__type":"$$EventMessageConfirm","confirm":"fbaff2c5-3afd-4364-b5da-5b3fb09b046c","ts":"2025-11-24T04:36:30.484-05:00","source":{"id":"0","name":"eventBus"}}
{"__type":"$$EventMessageNode","id":"51e32b9d-f22d-497a-9205-9437ccac9098","ts":"2025-11-24T04:36:30.485-05:00","eventName":"n8n.node.finished","message":"n8n.node.finished","payload":{"workflowId":"c1hIM80c3gP5Yqv6","workflowName":"API Mock Restaurantes","executionId":"3","nodeType":"n8n-nodes-base.webhook","nodeName":"Webhook","nodeId":"f5f371d2-1ddd-4bb3-b3c5-d0aba7c66f49"}}
{"__type":"$$EventMessageConfirm","confirm":"51e32b9d-f22d-497a-9205-9437ccac9098","ts":"2025-11-24T04:36:30.485-05:00","source":{"id":"0","name":"eventBus"}}
{"__type":"$$EventMessageNode","id":"d7cbdbe7-0d9b-4826-ae4f-5b719afee1b9","ts":"2025-11-24T04:36:30.486-05:00","eventName":"n8n.node.started","message":"n8n.node.started","payload":{"workflowId":"c1hIM80c3gP5Yqv6","workflowName":"API Mock Restaurantes","executionId":"3","nodeType":"n8n-nodes-base.set","nodeName":"Edit Fields","nodeId":"286c2f23-a009-4e54-a95f-410316c89d07"}}
{"__type":"$$EventMessageConfirm","confirm":"d7cbdbe7-0d9b-4826-ae4f-5b719afee1b9","ts":"2025-11-24T04:36:30.486-05:00","source":{"id":"0","name":"eventBus"}}
{"__type":"$$EventMessageNode","id":"d46d4c63-a9bc-41e2-ba8b-63c2f6aaee81","ts":"2025-11-24T04:36:30.489-05:00","eventName":"n8n.node.finished","message":"n8n.node.finished","payload":{"workflowId":"c1hIM80c3gP5Yqv6","workflowName":"API Mock Restaurantes","executionId":"3","nodeType":"n8n-nodes-base.set","nodeName":"Edit Fields","nodeId":"286c2f23-a009-4e54-a95f-410316c89d07"}}
{"__type":"$$EventMessageConfirm","confirm":"d46d4c63-a9bc-41e2-ba8b-63c2f6aaee81","ts":"2025-11-24T04:36:30.489-05:00","source":{"id":"0","name":"eventBus"}}
{"__type":"$$EventMessageWorkflow","id":"2a2eff20-a542-4555-b0dc-e59b071e250d","ts":"2025-11-24T04:36:30.500-05:00","eventName":"n8n.workflow.failed","message":"n8n.workflow.failed","payload":{"executionId":"3","success":false,"isManual":true,"workflowId":"c1hIM80c3gP5Yqv6","workflowName":"API Mock Restaurantes","lastNodeExecuted":"Edit Fields","errorNodeType":"n8n-nodes-base.set","errorMessage":"The 'JSON Output' in item 0 does not contain a valid JSON object"}}
{"__type":"$$EventMessageConfirm","confirm":"2a2eff20-a542-4555-b0dc-e59b071e250d","ts":"2025-11-24T04:36:30.501-05:00","source":{"id":"0","name":"eventBus"}}
{"__type":"$$EventMessageAudit","id":"a80efae0-1e52-4af9-a6ca-b8f103a6d274","ts":"2025-11-24T04:37:01.087-05:00","eventName":"n8n.audit.workflow.updated","message":"n8n.audit.workflow.updated","payload":{"userId":"37b1115d-371f-481d-9048-d416b0a0b749","_email":"karolsalvador91@gmail.com","_firstName":"Karoline","_lastName":"Salvador","globalRole":"global:owner","workflowId":"c1hIM80c3gP5Yqv6","workflowName":"API Mock Restaurantes"}}
{"__type":"$$EventMessageConfirm","confirm":"a80efae0-1e52-4af9-a6ca-b8f103a6d274","ts":"2025-11-24T04:37:01.088-05:00","source":{"id":"0","name":"eventBus"}}
{"__type":"$$EventMessageWorkflow","id":"4be60665-7bf9-45fd-8768-819d1696206a","ts":"2025-11-24T04:37:08.137-05:00","eventName":"n8n.workflow.started","message":"n8n.workflow.started","payload":{"executionId":"4","workflowId":"c1hIM80c3gP5Yqv6","isManual":false,"workflowName":"API Mock Restaurantes"}}
{"__type":"$$EventMessageConfirm","confirm":"4be60665-7bf9-45fd-8768-819d1696206a","ts":"2025-11-24T04:37:08.137-05:00","source":{"id":"0","name":"eventBus"}}
{"__type":"$$EventMessageNode","id":"b1a9e4e8-c79e-4689-b3f4-0949ba3c3077","ts":"2025-11-24T04:37:08.139-05:00","eventName":"n8n.node.started","message":"n8n.node.started","payload":{"workflowId":"c1hIM80c3gP5Yqv6","workflowName":"API Mock Restaurantes","executionId":"4","nodeType":"n8n-nodes-base.webhook","nodeName":"Webhook","nodeId":"f5f371d2-1ddd-4bb3-b3c5-d0aba7c66f49"}}
{"__type":"$$EventMessageConfirm","confirm":"b1a9e4e8-c79e-4689-b3f4-0949ba3c3077","ts":"2025-11-24T04:37:08.139-05:00","source":{"id":"0","name":"eventBus"}}
{"__type":"$$EventMessageNode","id":"aa4f2c45-e81e-438d-8d21-2762f9d39f2d","ts":"2025-11-24T04:37:08.140-05:00","eventName":"n8n.node.finished","message":"n8n.node.finished","payload":{"workflowId":"c1hIM80c3gP5Yqv6","workflowName":"API Mock Restaurantes","executionId":"4","nodeType":"n8n-nodes-base.webhook","nodeName":"Webhook","nodeId":"f5f371d2-1ddd-4bb3-b3c5-d0aba7c66f49"}}
{"__type":"$$EventMessageConfirm","confirm":"aa4f2c45-e81e-438d-8d21-2762f9d39f2d","ts":"2025-11-24T04:37:08.141-05:00","source":{"id":"0","name":"eventBus"}}
{"__type":"$$EventMessageNode","id":"b76aa06b-7e75-407c-b995-6804672bbf06","ts":"2025-11-24T04:37:08.142-05:00","eventName":"n8n.node.started","message":"n8n.node.started","payload":{"workflowId":"c1hIM80c3gP5Yqv6","workflowName":"API Mock Restaurantes","executionId":"4","nodeType":"n8n-nodes-base.set","nodeName":"Edit Fields","nodeId":"286c2f23-a009-4e54-a95f-410316c89d07"}}
{"__type":"$$EventMessageConfirm","confirm":"b76aa06b-7e75-407c-b995-6804672bbf06","ts":"2025-11-24T04:37:08.143-05:00","source":{"id":"0","name":"eventBus"}}
{"__type":"$$EventMessageNode","id":"140e2a9b-482e-4deb-ac73-190847bf65b7","ts":"2025-11-24T04:37:08.148-05:00","eventName":"n8n.node.finished","message":"n8n.node.finished","payload":{"workflowId":"c1hIM80c3gP5Yqv6","workflowName":"API Mock Restaurantes","executionId":"4","nodeType":"n8n-nodes-base.set","nodeName":"Edit Fields","nodeId":"286c2f23-a009-4e54-a95f-410316c89d07"}}
{"__type":"$$EventMessageConfirm","confirm":"140e2a9b-482e-4deb-ac73-190847bf65b7","ts":"2025-11-24T04:37:08.148-05:00","source":{"id":"0","name":"eventBus"}}
{"__type":"$$EventMessageWorkflow","id":"c3ca6b1d-435a-4807-a8a6-92a58aea1b04","ts":"2025-11-24T04:37:08.153-05:00","eventName":"n8n.workflow.failed","message":"n8n.workflow.failed","payload":{"executionId":"4","success":false,"isManual":true,"workflowId":"c1hIM80c3gP5Yqv6","workflowName":"API Mock Restaurantes","lastNodeExecuted":"Edit Fields","errorNodeType":"n8n-nodes-base.set","errorMessage":"The 'JSON Output' in item 0 does not contain a valid JSON object"}}
{"__type":"$$EventMessageConfirm","confirm":"c3ca6b1d-435a-4807-a8a6-92a58aea1b04","ts":"2025-11-24T04:37:08.153-05:00","source":{"id":"0","name":"eventBus"}}
{"__type":"$$EventMessageAudit","id":"9f626802-ffb2-4941-b877-0e31cdbf01f2","ts":"2025-11-24T04:37:43.366-05:00","eventName":"n8n.audit.workflow.updated","message":"n8n.audit.workflow.updated","payload":{"userId":"37b1115d-371f-481d-9048-d416b0a0b749","_email":"karolsalvador91@gmail.com","_firstName":"Karoline","_lastName":"Salvador","globalRole":"global:owner","workflowId":"c1hIM80c3gP5Yqv6","workflowName":"API Mock Restaurantes"}}
{"__type":"$$EventMessageConfirm","confirm":"9f626802-ffb2-4941-b877-0e31cdbf01f2","ts":"2025-11-24T04:37:43.366-05:00","source":{"id":"0","name":"eventBus"}}
{"__type":"$$EventMessageWorkflow","id":"19845f9c-7cc0-4ae3-8c77-d6c4b80f8fbd","ts":"2025-11-24T04:37:48.921-05:00","eventName":"n8n.workflow.started","message":"n8n.workflow.started","payload":{"executionId":"5","workflowId":"c1hIM80c3gP5Yqv6","isManual":false,"workflowName":"API Mock Restaurantes"}}
{"__type":"$$EventMessageConfirm","confirm":"19845f9c-7cc0-4ae3-8c77-d6c4b80f8fbd","ts":"2025-11-24T04:37:48.922-05:00","source":{"id":"0","name":"eventBus"}}
{"__type":"$$EventMessageNode","id":"c6057573-3482-4363-962b-c8f81f8e03c9","ts":"2025-11-24T04:37:48.923-05:00","eventName":"n8n.node.started","message":"n8n.node.started","payload":{"workflowId":"c1hIM80c3gP5Yqv6","workflowName":"API Mock Restaurantes","executionId":"5","nodeType":"n8n-nodes-base.webhook","nodeName":"Webhook","nodeId":"f5f371d2-1ddd-4bb3-b3c5-d0aba7c66f49"}}
{"__type":"$$EventMessageConfirm","confirm":"c6057573-3482-4363-962b-c8f81f8e03c9","ts":"2025-11-24T04:37:48.923-05:00","source":{"id":"0","name":"eventBus"}}
{"__type":"$$EventMessageNode","id":"c4293c63-022d-45d4-b9b8-bbb4ed08e54a","ts":"2025-11-24T04:37:48.925-05:00","eventName":"n8n.node.finished","message":"n8n.node.finished","payload":{"workflowId":"c1hIM80c3gP5Yqv6","workflowName":"API Mock Restaurantes","executionId":"5","nodeType":"n8n-nodes-base.webhook","nodeName":"Webhook","nodeId":"f5f371d2-1ddd-4bb3-b3c5-d0aba7c66f49"}}
{"__type":"$$EventMessageConfirm","confirm":"c4293c63-022d-45d4-b9b8-bbb4ed08e54a","ts":"2025-11-24T04:37:48.925-05:00","source":{"id":"0","name":"eventBus"}}
{"__type":"$$EventMessageNode","id":"80caf8a6-5765-4a3d-9f0a-5e3ac2b359cb","ts":"2025-11-24T04:37:48.927-05:00","eventName":"n8n.node.started","message":"n8n.node.started","payload":{"workflowId":"c1hIM80c3gP5Yqv6","workflowName":"API Mock Restaurantes","executionId":"5","nodeType":"n8n-nodes-base.set","nodeName":"Edit Fields","nodeId":"286c2f23-a009-4e54-a95f-410316c89d07"}}
{"__type":"$$EventMessageConfirm","confirm":"80caf8a6-5765-4a3d-9f0a-5e3ac2b359cb","ts":"2025-11-24T04:37:48.927-05:00","source":{"id":"0","name":"eventBus"}}
{"__type":"$$EventMessageNode","id":"86f25aeb-77fb-438d-b632-2df9e8fd638a","ts":"2025-11-24T04:37:48.931-05:00","eventName":"n8n.node.finished","message":"n8n.node.finished","payload":{"workflowId":"c1hIM80c3gP5Yqv6","workflowName":"API Mock Restaurantes","executionId":"5","nodeType":"n8n-nodes-base.set","nodeName":"Edit Fields","nodeId":"286c2f23-a009-4e54-a95f-410316c89d07"}}
{"__type":"$$EventMessageConfirm","confirm":"86f25aeb-77fb-438d-b632-2df9e8fd638a","ts":"2025-11-24T04:37:48.931-05:00","source":{"id":"0","name":"eventBus"}}
{"__type":"$$EventMessageWorkflow","id":"ac732f19-0572-4378-8f90-7010a786da82","ts":"2025-11-24T04:37:48.934-05:00","eventName":"n8n.workflow.failed","message":"n8n.workflow.failed","payload":{"executionId":"5","success":false,"isManual":true,"workflowId":"c1hIM80c3gP5Yqv6","workflowName":"API Mock Restaurantes","lastNodeExecuted":"Edit Fields","errorNodeType":"n8n-nodes-base.set","errorMessage":"The 'JSON Output' in item 0 does not contain a valid JSON object"}}
{"__type":"$$EventMessageConfirm","confirm":"ac732f19-0572-4378-8f90-7010a786da82","ts":"2025-11-24T04:37:48.934-05:00","source":{"id":"0","name":"eventBus"}}
{"__type":"$$EventMessageAudit","id":"4e04bbb0-be59-40ef-b5bd-a4d71fd9de14","ts":"2025-11-24T04:45:14.062-05:00","eventName":"n8n.audit.workflow.updated","message":"n8n.audit.workflow.updated","payload":{"userId":"37b1115d-371f-481d-9048-d416b0a0b749","_email":"karolsalvador91@gmail.com","_firstName":"Karoline","_lastName":"Salvador","globalRole":"global:owner","workflowId":"c1hIM80c3gP5Yqv6","workflowName":"API Mock Restaurantes"}}
{"__type":"$$EventMessageConfirm","confirm":"4e04bbb0-be59-40ef-b5bd-a4d71fd9de14","ts":"2025-11-24T04:45:14.063-05:00","source":{"id":"0","name":"eventBus"}}
{"__type":"$$EventMessageWorkflow","id":"75a0e27d-258f-410d-ad88-00dfaef49cd7","ts":"2025-11-24T04:45:17.487-05:00","eventName":"n8n.workflow.started","message":"n8n.workflow.started","payload":{"executionId":"6","workflowId":"c1hIM80c3gP5Yqv6","isManual":false,"workflowName":"API Mock Restaurantes"}}
{"__type":"$$EventMessageConfirm","confirm":"75a0e27d-258f-410d-ad88-00dfaef49cd7","ts":"2025-11-24T04:45:17.488-05:00","source":{"id":"0","name":"eventBus"}}
{"__type":"$$EventMessageNode","id":"7b2bf3ea-5579-4ebc-9bc2-6c97892c1c4e","ts":"2025-11-24T04:45:17.490-05:00","eventName":"n8n.node.started","message":"n8n.node.started","payload":{"workflowId":"c1hIM80c3gP5Yqv6","workflowName":"API Mock Restaurantes","executionId":"6","nodeType":"n8n-nodes-base.webhook","nodeName":"Webhook","nodeId":"f5f371d2-1ddd-4bb3-b3c5-d0aba7c66f49"}}
{"__type":"$$EventMessageConfirm","confirm":"7b2bf3ea-5579-4ebc-9bc2-6c97892c1c4e","ts":"2025-11-24T04:45:17.490-05:00","source":{"id":"0","name":"eventBus"}}
{"__type":"$$EventMessageNode","id":"16de8330-9862-476e-a060-6e0bb3c75bf1","ts":"2025-11-24T04:45:17.492-05:00","eventName":"n8n.node.finished","message":"n8n.node.finished","payload":{"workflowId":"c1hIM80c3gP5Yqv6","workflowName":"API Mock Restaurantes","executionId":"6","nodeType":"n8n-nodes-base.webhook","nodeName":"Webhook","nodeId":"f5f371d2-1ddd-4bb3-b3c5-d0aba7c66f49"}}
{"__type":"$$EventMessageConfirm","confirm":"16de8330-9862-476e-a060-6e0bb3c75bf1","ts":"2025-11-24T04:45:17.493-05:00","source":{"id":"0","name":"eventBus"}}
{"__type":"$$EventMessageNode","id":"37eeaffc-157a-49a2-91b5-429aa595537e","ts":"2025-11-24T04:45:17.494-05:00","eventName":"n8n.node.started","message":"n8n.node.started","payload":{"workflowId":"c1hIM80c3gP5Yqv6","workflowName":"API Mock Restaurantes","executionId":"6","nodeType":"n8n-nodes-base.set","nodeName":"Edit Fields","nodeId":"286c2f23-a009-4e54-a95f-410316c89d07"}}
{"__type":"$$EventMessageConfirm","confirm":"37eeaffc-157a-49a2-91b5-429aa595537e","ts":"2025-11-24T04:45:17.494-05:00","source":{"id":"0","name":"eventBus"}}
{"__type":"$$EventMessageNode","id":"d1de2e48-fec5-4be1-a82b-b6f6a549d23e","ts":"2025-11-24T04:45:17.528-05:00","eventName":"n8n.node.finished","message":"n8n.node.finished","payload":{"workflowId":"c1hIM80c3gP5Yqv6","workflowName":"API Mock Restaurantes","executionId":"6","nodeType":"n8n-nodes-base.set","nodeName":"Edit Fields","nodeId":"286c2f23-a009-4e54-a95f-410316c89d07"}}
{"__type":"$$EventMessageConfirm","confirm":"d1de2e48-fec5-4be1-a82b-b6f6a549d23e","ts":"2025-11-24T04:45:17.528-05:00","source":{"id":"0","name":"eventBus"}}
{"__type":"$$EventMessageWorkflow","id":"b83201f6-d05e-4795-851c-a54c573d635a","ts":"2025-11-24T04:45:17.538-05:00","eventName":"n8n.workflow.success","message":"n8n.workflow.success","payload":{"executionId":"6","success":true,"isManual":true,"workflowId":"c1hIM80c3gP5Yqv6","workflowName":"API Mock Restaurantes"}}
{"__type":"$$EventMessageConfirm","confirm":"b83201f6-d05e-4795-851c-a54c573d635a","ts":"2025-11-24T04:45:17.538-05:00","source":{"id":"0","name":"eventBus"}}
{"__type":"$$EventMessageWorkflow","id":"69e959db-473f-4c9c-a944-cf7fdd54b0a8","ts":"2025-11-24T04:45:27.152-05:00","eventName":"n8n.workflow.started","message":"n8n.workflow.started","payload":{"executionId":"7","workflowId":"c1hIM80c3gP5Yqv6","isManual":false,"workflowName":"API Mock Restaurantes"}}
{"__type":"$$EventMessageConfirm","confirm":"69e959db-473f-4c9c-a944-cf7fdd54b0a8","ts":"2025-11-24T04:45:27.152-05:00","source":{"id":"0","name":"eventBus"}}
{"__type":"$$EventMessageNode","id":"bd50c5bb-17d3-433b-8778-d651cff9ea77","ts":"2025-11-24T04:45:27.153-05:00","eventName":"n8n.node.started","message":"n8n.node.started","payload":{"workflowId":"c1hIM80c3gP5Yqv6","workflowName":"API Mock Restaurantes","executionId":"7","nodeType":"n8n-nodes-base.webhook","nodeName":"Webhook","nodeId":"f5f371d2-1ddd-4bb3-b3c5-d0aba7c66f49"}}
{"__type":"$$EventMessageConfirm","confirm":"bd50c5bb-17d3-433b-8778-d651cff9ea77","ts":"2025-11-24T04:45:27.153-05:00","source":{"id":"0","name":"eventBus"}}
{"__type":"$$EventMessageNode","id":"6bec55e6-967f-44e7-b028-c8dc2605d647","ts":"2025-11-24T04:45:27.153-05:00","eventName":"n8n.node.finished","message":"n8n.node.finished","payload":{"workflowId":"c1hIM80c3gP5Yqv6","workflowName":"API Mock Restaurantes","executionId":"7","nodeType":"n8n-nodes-base.webhook","nodeName":"Webhook","nodeId":"f5f371d2-1ddd-4bb3-b3c5-d0aba7c66f49"}}
{"__type":"$$EventMessageConfirm","confirm":"6bec55e6-967f-44e7-b028-c8dc2605d647","ts":"2025-11-24T04:45:27.153-05:00","source":{"id":"0","name":"eventBus"}}
{"__type":"$$EventMessageNode","id":"84015c3d-40ca-4c2e-95f3-89bf05f20626","ts":"2025-11-24T04:45:27.153-05:00","eventName":"n8n.node.started","message":"n8n.node.started","payload":{"workflowId":"c1hIM80c3gP5Yqv6","workflowName":"API Mock Restaurantes","executionId":"7","nodeType":"n8n-nodes-base.set","nodeName":"Edit Fields","nodeId":"286c2f23-a009-4e54-a95f-410316c89d07"}}
{"__type":"$$EventMessageConfirm","confirm":"84015c3d-40ca-4c2e-95f3-89bf05f20626","ts":"2025-11-24T04:45:27.153-05:00","source":{"id":"0","name":"eventBus"}}
{"__type":"$$EventMessageNode","id":"ed84d55e-2e04-4cc0-ac28-790645190a21","ts":"2025-11-24T04:45:27.154-05:00","eventName":"n8n.node.finished","message":"n8n.node.finished","payload":{"workflowId":"c1hIM80c3gP5Yqv6","workflowName":"API Mock Restaurantes","executionId":"7","nodeType":"n8n-nodes-base.set","nodeName":"Edit Fields","nodeId":"286c2f23-a009-4e54-a95f-410316c89d07"}}
{"__type":"$$EventMessageConfirm","confirm":"ed84d55e-2e04-4cc0-ac28-790645190a21","ts":"2025-11-24T04:45:27.154-05:00","source":{"id":"0","name":"eventBus"}}
{"__type":"$$EventMessageWorkflow","id":"6dbe3585-1839-4e7c-b2b5-5d37b26fd906","ts":"2025-11-24T04:45:27.154-05:00","eventName":"n8n.workflow.success","message":"n8n.workflow.success","payload":{"executionId":"7","success":true,"isManual":false,"workflowId":"c1hIM80c3gP5Yqv6","workflowName":"API Mock Restaurantes"}}
{"__type":"$$EventMessageConfirm","confirm":"6dbe3585-1839-4e7c-b2b5-5d37b26fd906","ts":"2025-11-24T04:45:27.154-05:00","source":{"id":"0","name":"eventBus"}}
{"__type":"$$EventMessageWorkflow","id":"76aef93f-3291-409f-95ac-b5627ddbf431","ts":"2025-11-24T04:45:32.338-05:00","eventName":"n8n.workflow.started","message":"n8n.workflow.started","payload":{"executionId":"8","workflowId":"c1hIM80c3gP5Yqv6","isManual":false,"workflowName":"API Mock Restaurantes"}}
{"__type":"$$EventMessageConfirm","confirm":"76aef93f-3291-409f-95ac-b5627ddbf431","ts":"2025-11-24T04:45:32.339-05:00","source":{"id":"0","name":"eventBus"}}
{"__type":"$$EventMessageNode","id":"56731b88-eb31-48c8-b3b6-1a03709bf680","ts":"2025-11-24T04:45:32.339-05:00","eventName":"n8n.node.started","message":"n8n.node.started","payload":{"workflowId":"c1hIM80c3gP5Yqv6","workflowName":"API Mock Restaurantes","executionId":"8","nodeType":"n8n-nodes-base.webhook","nodeName":"Webhook","nodeId":"f5f371d2-1ddd-4bb3-b3c5-d0aba7c66f49"}}
{"__type":"$$EventMessageConfirm","confirm":"56731b88-eb31-48c8-b3b6-1a03709bf680","ts":"2025-11-24T04:45:32.339-05:00","source":{"id":"0","name":"eventBus"}}
{"__type":"$$EventMessageNode","id":"9656963e-a8e6-44aa-bc45-12e9db5ef330","ts":"2025-11-24T04:45:32.342-05:00","eventName":"n8n.node.finished","message":"n8n.node.finished","payload":{"workflowId":"c1hIM80c3gP5Yqv6","workflowName":"API Mock Restaurantes","executionId":"8","nodeType":"n8n-nodes-base.webhook","nodeName":"Webhook","nodeId":"f5f371d2-1ddd-4bb3-b3c5-d0aba7c66f49"}}
{"__type":"$$EventMessageConfirm","confirm":"9656963e-a8e6-44aa-bc45-12e9db5ef330","ts":"2025-11-24T04:45:32.342-05:00","source":{"id":"0","name":"eventBus"}}
{"__type":"$$EventMessageNode","id":"2ae4a2c4-4d03-4bfd-8f77-452e4a6ef9a2","ts":"2025-11-24T04:45:32.342-05:00","eventName":"n8n.node.started","message":"n8n.node.started","payload":{"workflowId":"c1hIM80c3gP5Yqv6","workflowName":"API Mock Restaurantes","executionId":"8","nodeType":"n8n-nodes-base.set","nodeName":"Edit Fields","nodeId":"286c2f23-a009-4e54-a95f-410316c89d07"}}
{"__type":"$$EventMessageConfirm","confirm":"2ae4a2c4-4d03-4bfd-8f77-452e4a6ef9a2","ts":"2025-11-24T04:45:32.343-05:00","source":{"id":"0","name":"eventBus"}}
{"__type":"$$EventMessageNode","id":"1fa27fb2-c52e-4754-a380-fd24fc1abc7a","ts":"2025-11-24T04:45:32.344-05:00","eventName":"n8n.node.finished","message":"n8n.node.finished","payload":{"workflowId":"c1hIM80c3gP5Yqv6","workflowName":"API Mock Restaurantes","executionId":"8","nodeType":"n8n-nodes-base.set","nodeName":"Edit Fields","nodeId":"286c2f23-a009-4e54-a95f-410316c89d07"}}
{"__type":"$$EventMessageConfirm","confirm":"1fa27fb2-c52e-4754-a380-fd24fc1abc7a","ts":"2025-11-24T04:45:32.344-05:00","source":{"id":"0","name":"eventBus"}}
{"__type":"$$EventMessageWorkflow","id":"9e5ef78f-18c8-4c1a-991f-d9047a7a983c","ts":"2025-11-24T04:45:32.345-05:00","eventName":"n8n.workflow.success","message":"n8n.workflow.success","payload":{"executionId":"8","success":true,"isManual":false,"workflowId":"c1hIM80c3gP5Yqv6","workflowName":"API Mock Restaurantes"}}
{"__type":"$$EventMessageConfirm","confirm":"9e5ef78f-18c8-4c1a-991f-d9047a7a983c","ts":"2025-11-24T04:45:32.345-05:00","source":{"id":"0","name":"eventBus"}}
{"__type":"$$EventMessageAudit","id":"0649cb76-af8e-489a-b704-b0a2a2dcfc55","ts":"2025-11-24T04:47:50.033-05:00","eventName":"n8n.audit.workflow.updated","message":"n8n.audit.workflow.updated","payload":{"userId":"37b1115d-371f-481d-9048-d416b0a0b749","_email":"karolsalvador91@gmail.com","_firstName":"Karoline","_lastName":"Salvador","globalRole":"global:owner","workflowId":"c1hIM80c3gP5Yqv6","workflowName":"API Mock Restaurantes"}}
{"__type":"$$EventMessageConfirm","confirm":"0649cb76-af8e-489a-b704-b0a2a2dcfc55","ts":"2025-11-24T04:47:50.035-05:00","source":{"id":"0","name":"eventBus"}}
{"__type":"$$EventMessageWorkflow","id":"173fb272-677b-4dc5-b524-c881cbb089e1","ts":"2025-11-24T04:47:58.951-05:00","eventName":"n8n.workflow.started","message":"n8n.workflow.started","payload":{"executionId":"9","workflowId":"c1hIM80c3gP5Yqv6","isManual":false,"workflowName":"API Mock Restaurantes"}}
{"__type":"$$EventMessageConfirm","confirm":"173fb272-677b-4dc5-b524-c881cbb089e1","ts":"2025-11-24T04:47:58.952-05:00","source":{"id":"0","name":"eventBus"}}
{"__type":"$$EventMessageNode","id":"cc894e0e-2094-4242-9724-156ac112d131","ts":"2025-11-24T04:47:58.953-05:00","eventName":"n8n.node.started","message":"n8n.node.started","payload":{"workflowId":"c1hIM80c3gP5Yqv6","workflowName":"API Mock Restaurantes","executionId":"9","nodeType":"n8n-nodes-base.webhook","nodeName":"Webhook","nodeId":"f5f371d2-1ddd-4bb3-b3c5-d0aba7c66f49"}}
{"__type":"$$EventMessageConfirm","confirm":"cc894e0e-2094-4242-9724-156ac112d131","ts":"2025-11-24T04:47:58.953-05:00","source":{"id":"0","name":"eventBus"}}
{"__type":"$$EventMessageNode","id":"19423a20-1e22-4993-9cc8-628fe6cfbb48","ts":"2025-11-24T04:47:58.954-05:00","eventName":"n8n.node.finished","message":"n8n.node.finished","payload":{"workflowId":"c1hIM80c3gP5Yqv6","workflowName":"API Mock Restaurantes","executionId":"9","nodeType":"n8n-nodes-base.webhook","nodeName":"Webhook","nodeId":"f5f371d2-1ddd-4bb3-b3c5-d0aba7c66f49"}}
{"__type":"$$EventMessageConfirm","confirm":"19423a20-1e22-4993-9cc8-628fe6cfbb48","ts":"2025-11-24T04:47:58.954-05:00","source":{"id":"0","name":"eventBus"}}
{"__type":"$$EventMessageNode","id":"5d3640bf-c502-4d5b-89f1-1510d38c29ef","ts":"2025-11-24T04:47:58.954-05:00","eventName":"n8n.node.started","message":"n8n.node.started","payload":{"workflowId":"c1hIM80c3gP5Yqv6","workflowName":"API Mock Restaurantes","executionId":"9","nodeType":"n8n-nodes-base.set","nodeName":"Edit Fields","nodeId":"286c2f23-a009-4e54-a95f-410316c89d07"}}
{"__type":"$$EventMessageConfirm","confirm":"5d3640bf-c502-4d5b-89f1-1510d38c29ef","ts":"2025-11-24T04:47:58.954-05:00","source":{"id":"0","name":"eventBus"}}
{"__type":"$$EventMessageNode","id":"008e7425-5a27-4bcf-a6bd-23291bd6e4c4","ts":"2025-11-24T04:47:58.958-05:00","eventName":"n8n.node.finished","message":"n8n.node.finished","payload":{"workflowId":"c1hIM80c3gP5Yqv6","workflowName":"API Mock Restaurantes","executionId":"9","nodeType":"n8n-nodes-base.set","nodeName":"Edit Fields","nodeId":"286c2f23-a009-4e54-a95f-410316c89d07"}}
{"__type":"$$EventMessageConfirm","confirm":"008e7425-5a27-4bcf-a6bd-23291bd6e4c4","ts":"2025-11-24T04:47:58.958-05:00","source":{"id":"0","name":"eventBus"}}
{"__type":"$$EventMessageWorkflow","id":"82709304-a019-40a0-9587-cf5116d7ccfa","ts":"2025-11-24T04:47:58.960-05:00","eventName":"n8n.workflow.success","message":"n8n.workflow.success","payload":{"executionId":"9","success":true,"isManual":false,"workflowId":"c1hIM80c3gP5Yqv6","workflowName":"API Mock Restaurantes"}}
{"__type":"$$EventMessageConfirm","confirm":"82709304-a019-40a0-9587-cf5116d7ccfa","ts":"2025-11-24T04:47:58.961-05:00","source":{"id":"0","name":"eventBus"}}
{"__type":"$$EventMessageWorkflow","id":"215fd898-48f9-41f6-9b7f-466565b15cd7","ts":"2025-11-24T04:48:19.093-05:00","eventName":"n8n.workflow.started","message":"n8n.workflow.started","payload":{"executionId":"10","workflowId":"c1hIM80c3gP5Yqv6","isManual":false,"workflowName":"API Mock Restaurantes"}}
{"__type":"$$EventMessageConfirm","confirm":"215fd898-48f9-41f6-9b7f-466565b15cd7","ts":"2025-11-24T04:48:19.093-05:00","source":{"id":"0","name":"eventBus"}}
{"__type":"$$EventMessageNode","id":"ed893c2e-ab0b-4051-a5f9-93e93897a8a5","ts":"2025-11-24T04:48:19.093-05:00","eventName":"n8n.node.started","message":"n8n.node.started","payload":{"workflowId":"c1hIM80c3gP5Yqv6","workflowName":"API Mock Restaurantes","executionId":"10","nodeType":"n8n-nodes-base.webhook","nodeName":"Webhook","nodeId":"f5f371d2-1ddd-4bb3-b3c5-d0aba7c66f49"}}
{"__type":"$$EventMessageConfirm","confirm":"ed893c2e-ab0b-4051-a5f9-93e93897a8a5","ts":"2025-11-24T04:48:19.093-05:00","source":{"id":"0","name":"eventBus"}}
{"__type":"$$EventMessageNode","id":"ea8af075-003d-4455-9d7f-be812ea319f3","ts":"2025-11-24T04:48:19.093-05:00","eventName":"n8n.node.finished","message":"n8n.node.finished","payload":{"workflowId":"c1hIM80c3gP5Yqv6","workflowName":"API Mock Restaurantes","executionId":"10","nodeType":"n8n-nodes-base.webhook","nodeName":"Webhook","nodeId":"f5f371d2-1ddd-4bb3-b3c5-d0aba7c66f49"}}
{"__type":"$$EventMessageConfirm","confirm":"ea8af075-003d-4455-9d7f-be812ea319f3","ts":"2025-11-24T04:48:19.094-05:00","source":{"id":"0","name":"eventBus"}}
{"__type":"$$EventMessageNode","id":"f7f1f3ec-3c5d-4c25-ae28-23d93f1cdd12","ts":"2025-11-24T04:48:19.094-05:00","eventName":"n8n.node.started","message":"n8n.node.started","payload":{"workflowId":"c1hIM80c3gP5Yqv6","workflowName":"API Mock Restaurantes","executionId":"10","nodeType":"n8n-nodes-base.set","nodeName":"Edit Fields","nodeId":"286c2f23-a009-4e54-a95f-410316c89d07"}}
{"__type":"$$EventMessageConfirm","confirm":"f7f1f3ec-3c5d-4c25-ae28-23d93f1cdd12","ts":"2025-11-24T04:48:19.094-05:00","source":{"id":"0","name":"eventBus"}}
{"__type":"$$EventMessageNode","id":"b5f0e572-2a47-4230-8bfb-cb5f4c53c173","ts":"2025-11-24T04:48:19.095-05:00","eventName":"n8n.node.finished","message":"n8n.node.finished","payload":{"workflowId":"c1hIM80c3gP5Yqv6","workflowName":"API Mock Restaurantes","executionId":"10","nodeType":"n8n-nodes-base.set","nodeName":"Edit Fields","nodeId":"286c2f23-a009-4e54-a95f-410316c89d07"}}
{"__type":"$$EventMessageConfirm","confirm":"b5f0e572-2a47-4230-8bfb-cb5f4c53c173","ts":"2025-11-24T04:48:19.095-05:00","source":{"id":"0","name":"eventBus"}}
{"__type":"$$EventMessageWorkflow","id":"f1f26dfe-771d-4ca6-a426-7c10fc880f28","ts":"2025-11-24T04:48:19.095-05:00","eventName":"n8n.workflow.success","message":"n8n.workflow.success","payload":{"executionId":"10","success":true,"isManual":false,"workflowId":"c1hIM80c3gP5Yqv6","workflowName":"API Mock Restaurantes"}}
{"__type":"$$EventMessageConfirm","confirm":"f1f26dfe-771d-4ca6-a426-7c10fc880f28","ts":"2025-11-24T04:48:19.095-05:00","source":{"id":"0","name":"eventBus"}}
{"__type":"$$EventMessageWorkflow","id":"2a80fad8-91f3-4851-9676-c109bbdc1cd6","ts":"2025-11-24T04:48:48.769-05:00","eventName":"n8n.workflow.started","message":"n8n.workflow.started","payload":{"executionId":"11","workflowId":"c1hIM80c3gP5Yqv6","isManual":false,"workflowName":"API Mock Restaurantes"}}
{"__type":"$$EventMessageConfirm","confirm":"2a80fad8-91f3-4851-9676-c109bbdc1cd6","ts":"2025-11-24T04:48:48.770-05:00","source":{"id":"0","name":"eventBus"}}
{"__type":"$$EventMessageNode","id":"9b4be5cc-20bc-4637-9d97-702b409d8903","ts":"2025-11-24T04:48:48.771-05:00","eventName":"n8n.node.started","message":"n8n.node.started","payload":{"workflowId":"c1hIM80c3gP5Yqv6","workflowName":"API Mock Restaurantes","executionId":"11","nodeType":"n8n-nodes-base.webhook","nodeName":"Webhook","nodeId":"f5f371d2-1ddd-4bb3-b3c5-d0aba7c66f49"}}
{"__type":"$$EventMessageConfirm","confirm":"9b4be5cc-20bc-4637-9d97-702b409d8903","ts":"2025-11-24T04:48:48.771-05:00","source":{"id":"0","name":"eventBus"}}
{"__type":"$$EventMessageNode","id":"aec760d1-cc0f-482c-ab27-5562b0ac9971","ts":"2025-11-24T04:48:48.771-05:00","eventName":"n8n.node.finished","message":"n8n.node.finished","payload":{"workflowId":"c1hIM80c3gP5Yqv6","workflowName":"API Mock Restaurantes","executionId":"11","nodeType":"n8n-nodes-base.webhook","nodeName":"Webhook","nodeId":"f5f371d2-1ddd-4bb3-b3c5-d0aba7c66f49"}}
{"__type":"$$EventMessageConfirm","confirm":"aec760d1-cc0f-482c-ab27-5562b0ac9971","ts":"2025-11-24T04:48:48.771-05:00","source":{"id":"0","name":"eventBus"}}
{"__type":"$$EventMessageNode","id":"00a69804-e02f-4480-93df-f2030d6f2e1a","ts":"2025-11-24T04:48:48.772-05:00","eventName":"n8n.node.started","message":"n8n.node.started","payload":{"workflowId":"c1hIM80c3gP5Yqv6","workflowName":"API Mock Restaurantes","executionId":"11","nodeType":"n8n-nodes-base.set","nodeName":"Edit Fields","nodeId":"286c2f23-a009-4e54-a95f-410316c89d07"}}
{"__type":"$$EventMessageConfirm","confirm":"00a69804-e02f-4480-93df-f2030d6f2e1a","ts":"2025-11-24T04:48:48.772-05:00","source":{"id":"0","name":"eventBus"}}
{"__type":"$$EventMessageNode","id":"5c0040f0-146d-4a46-aa00-27c3c0b5b9a9","ts":"2025-11-24T04:48:48.773-05:00","eventName":"n8n.node.finished","message":"n8n.node.finished","payload":{"workflowId":"c1hIM80c3gP5Yqv6","workflowName":"API Mock Restaurantes","executionId":"11","nodeType":"n8n-nodes-base.set","nodeName":"Edit Fields","nodeId":"286c2f23-a009-4e54-a95f-410316c89d07"}}
{"__type":"$$EventMessageConfirm","confirm":"5c0040f0-146d-4a46-aa00-27c3c0b5b9a9","ts":"2025-11-24T04:48:48.773-05:00","source":{"id":"0","name":"eventBus"}}
{"__type":"$$EventMessageWorkflow","id":"804970a7-408b-459d-a9ff-9677015c214c","ts":"2025-11-24T04:48:48.778-05:00","eventName":"n8n.workflow.success","message":"n8n.workflow.success","payload":{"executionId":"11","success":true,"isManual":true,"workflowId":"c1hIM80c3gP5Yqv6","workflowName":"API Mock Restaurantes"}}
{"__type":"$$EventMessageConfirm","confirm":"804970a7-408b-459d-a9ff-9677015c214c","ts":"2025-11-24T04:48:48.779-05:00","source":{"id":"0","name":"eventBus"}}
{"__type":"$$EventMessageWorkflow","id":"f8e48aaa-be40-4e08-a07f-39d3000a1412","ts":"2025-11-24T04:49:44.195-05:00","eventName":"n8n.workflow.started","message":"n8n.workflow.started","payload":{"executionId":"12","workflowId":"c1hIM80c3gP5Yqv6","isManual":false,"workflowName":"API Mock Restaurantes"}}
{"__type":"$$EventMessageConfirm","confirm":"f8e48aaa-be40-4e08-a07f-39d3000a1412","ts":"2025-11-24T04:49:44.195-05:00","source":{"id":"0","name":"eventBus"}}
{"__type":"$$EventMessageNode","id":"1a96c0fa-e4c7-406f-8cee-dc53be21a497","ts":"2025-11-24T04:49:44.195-05:00","eventName":"n8n.node.started","message":"n8n.node.started","payload":{"workflowId":"c1hIM80c3gP5Yqv6","workflowName":"API Mock Restaurantes","executionId":"12","nodeType":"n8n-nodes-base.webhook","nodeName":"Webhook","nodeId":"f5f371d2-1ddd-4bb3-b3c5-d0aba7c66f49"}}
{"__type":"$$EventMessageConfirm","confirm":"1a96c0fa-e4c7-406f-8cee-dc53be21a497","ts":"2025-11-24T04:49:44.195-05:00","source":{"id":"0","name":"eventBus"}}
{"__type":"$$EventMessageNode","id":"edfab25d-90e0-4bc8-8b55-a622865bbdc9","ts":"2025-11-24T04:49:44.195-05:00","eventName":"n8n.node.finished","message":"n8n.node.finished","payload":{"workflowId":"c1hIM80c3gP5Yqv6","workflowName":"API Mock Restaurantes","executionId":"12","nodeType":"n8n-nodes-base.webhook","nodeName":"Webhook","nodeId":"f5f371d2-1ddd-4bb3-b3c5-d0aba7c66f49"}}
{"__type":"$$EventMessageConfirm","confirm":"edfab25d-90e0-4bc8-8b55-a622865bbdc9","ts":"2025-11-24T04:49:44.195-05:00","source":{"id":"0","name":"eventBus"}}
{"__type":"$$EventMessageNode","id":"2ae7b37d-06f5-4461-b316-4b4b8a8bc809","ts":"2025-11-24T04:49:44.196-05:00","eventName":"n8n.node.started","message":"n8n.node.started","payload":{"workflowId":"c1hIM80c3gP5Yqv6","workflowName":"API Mock Restaurantes","executionId":"12","nodeType":"n8n-nodes-base.set","nodeName":"Edit Fields","nodeId":"286c2f23-a009-4e54-a95f-410316c89d07"}}
{"__type":"$$EventMessageConfirm","confirm":"2ae7b37d-06f5-4461-b316-4b4b8a8bc809","ts":"2025-11-24T04:49:44.196-05:00","source":{"id":"0","name":"eventBus"}}
{"__type":"$$EventMessageNode","id":"7d3c8bb7-6729-4cec-9456-23dc757e7b55","ts":"2025-11-24T04:49:44.196-05:00","eventName":"n8n.node.finished","message":"n8n.node.finished","payload":{"workflowId":"c1hIM80c3gP5Yqv6","workflowName":"API Mock Restaurantes","executionId":"12","nodeType":"n8n-nodes-base.set","nodeName":"Edit Fields","nodeId":"286c2f23-a009-4e54-a95f-410316c89d07"}}
{"__type":"$$EventMessageConfirm","confirm":"7d3c8bb7-6729-4cec-9456-23dc757e7b55","ts":"2025-11-24T04:49:44.196-05:00","source":{"id":"0","name":"eventBus"}}
{"__type":"$$EventMessageWorkflow","id":"48caea9d-7a08-4f5e-b708-73815d9b48ce","ts":"2025-11-24T04:49:44.196-05:00","eventName":"n8n.workflow.success","message":"n8n.workflow.success","payload":{"executionId":"12","success":true,"isManual":false,"workflowId":"c1hIM80c3gP5Yqv6","workflowName":"API Mock Restaurantes"}}
{"__type":"$$EventMessageConfirm","confirm":"48caea9d-7a08-4f5e-b708-73815d9b48ce","ts":"2025-11-24T04:49:44.196-05:00","source":{"id":"0","name":"eventBus"}}
{"__type":"$$EventMessageAudit","id":"948350bd-e7cc-41e6-9ad0-e8d242ed1a83","ts":"2025-11-24T04:50:25.072-05:00","eventName":"n8n.audit.workflow.updated","message":"n8n.audit.workflow.updated","payload":{"userId":"37b1115d-371f-481d-9048-d416b0a0b749","_email":"karolsalvador91@gmail.com","_firstName":"Karoline","_lastName":"Salvador","globalRole":"global:owner","workflowId":"c1hIM80c3gP5Yqv6","workflowName":"API Mock Restaurantes"}}
{"__type":"$$EventMessageConfirm","confirm":"948350bd-e7cc-41e6-9ad0-e8d242ed1a83","ts":"2025-11-24T04:50:25.073-05:00","source":{"id":"0","name":"eventBus"}}
{"__type":"$$EventMessageWorkflow","id":"aadcf781-18bb-4e92-9009-c308209f0c2d","ts":"2025-11-24T04:50:29.691-05:00","eventName":"n8n.workflow.started","message":"n8n.workflow.started","payload":{"executionId":"13","workflowId":"c1hIM80c3gP5Yqv6","isManual":false,"workflowName":"API Mock Restaurantes"}}
{"__type":"$$EventMessageConfirm","confirm":"aadcf781-18bb-4e92-9009-c308209f0c2d","ts":"2025-11-24T04:50:29.692-05:00","source":{"id":"0","name":"eventBus"}}
{"__type":"$$EventMessageNode","id":"bca95e61-f0f7-4f61-991b-dc4eeef63bc1","ts":"2025-11-24T04:50:29.692-05:00","eventName":"n8n.node.started","message":"n8n.node.started","payload":{"workflowId":"c1hIM80c3gP5Yqv6","workflowName":"API Mock Restaurantes","executionId":"13","nodeType":"n8n-nodes-base.webhook","nodeName":"Webhook","nodeId":"f5f371d2-1ddd-4bb3-b3c5-d0aba7c66f49"}}
{"__type":"$$EventMessageConfirm","confirm":"bca95e61-f0f7-4f61-991b-dc4eeef63bc1","ts":"2025-11-24T04:50:29.692-05:00","source":{"id":"0","name":"eventBus"}}
{"__type":"$$EventMessageNode","id":"31089977-93c9-45cb-a7ee-521d68c3c6ac","ts":"2025-11-24T04:50:29.693-05:00","eventName":"n8n.node.finished","message":"n8n.node.finished","payload":{"workflowId":"c1hIM80c3gP5Yqv6","workflowName":"API Mock Restaurantes","executionId":"13","nodeType":"n8n-nodes-base.webhook","nodeName":"Webhook","nodeId":"f5f371d2-1ddd-4bb3-b3c5-d0aba7c66f49"}}
{"__type":"$$EventMessageConfirm","confirm":"31089977-93c9-45cb-a7ee-521d68c3c6ac","ts":"2025-11-24T04:50:29.693-05:00","source":{"id":"0","name":"eventBus"}}
{"__type":"$$EventMessageWorkflow","id":"29809c77-52d8-4843-8b8b-be76cafd8627","ts":"2025-11-24T04:50:29.694-05:00","eventName":"n8n.workflow.failed","message":"n8n.workflow.failed","payload":{"executionId":"13","success":false,"isManual":false,"workflowId":"c1hIM80c3gP5Yqv6","workflowName":"API Mock Restaurantes","lastNodeExecuted":"Webhook","errorMessage":"No Respond to Webhook node found in the workflow"}}
{"__type":"$$EventMessageConfirm","confirm":"29809c77-52d8-4843-8b8b-be76cafd8627","ts":"2025-11-24T04:50:29.694-05:00","source":{"id":"0","name":"eventBus"}}
{"__type":"$$EventMessageWorkflow","id":"4707cdc0-c3af-4acc-8152-67a3733a7c2f","ts":"2025-11-24T04:50:38.004-05:00","eventName":"n8n.workflow.started","message":"n8n.workflow.started","payload":{"executionId":"14","workflowId":"c1hIM80c3gP5Yqv6","isManual":false,"workflowName":"API Mock Restaurantes"}}
{"__type":"$$EventMessageConfirm","confirm":"4707cdc0-c3af-4acc-8152-67a3733a7c2f","ts":"2025-11-24T04:50:38.004-05:00","source":{"id":"0","name":"eventBus"}}
{"__type":"$$EventMessageNode","id":"be454652-990c-422c-84bd-679d394c9975","ts":"2025-11-24T04:50:38.005-05:00","eventName":"n8n.node.started","message":"n8n.node.started","payload":{"workflowId":"c1hIM80c3gP5Yqv6","workflowName":"API Mock Restaurantes","executionId":"14","nodeType":"n8n-nodes-base.webhook","nodeName":"Webhook","nodeId":"f5f371d2-1ddd-4bb3-b3c5-d0aba7c66f49"}}
{"__type":"$$EventMessageConfirm","confirm":"be454652-990c-422c-84bd-679d394c9975","ts":"2025-11-24T04:50:38.005-05:00","source":{"id":"0","name":"eventBus"}}
{"__type":"$$EventMessageNode","id":"c14d0512-6761-4e9d-869f-9e33d67aecc8","ts":"2025-11-24T04:50:38.005-05:00","eventName":"n8n.node.finished","message":"n8n.node.finished","payload":{"workflowId":"c1hIM80c3gP5Yqv6","workflowName":"API Mock Restaurantes","executionId":"14","nodeType":"n8n-nodes-base.webhook","nodeName":"Webhook","nodeId":"f5f371d2-1ddd-4bb3-b3c5-d0aba7c66f49"}}
{"__type":"$$EventMessageConfirm","confirm":"c14d0512-6761-4e9d-869f-9e33d67aecc8","ts":"2025-11-24T04:50:38.005-05:00","source":{"id":"0","name":"eventBus"}}
{"__type":"$$EventMessageWorkflow","id":"a527ec95-93b4-4313-81b9-6c4259e99452","ts":"2025-11-24T04:50:38.006-05:00","eventName":"n8n.workflow.failed","message":"n8n.workflow.failed","payload":{"executionId":"14","success":false,"isManual":false,"workflowId":"c1hIM80c3gP5Yqv6","workflowName":"API Mock Restaurantes","lastNodeExecuted":"Webhook","errorMessage":"No Respond to Webhook node found in the workflow"}}
{"__type":"$$EventMessageConfirm","confirm":"a527ec95-93b4-4313-81b9-6c4259e99452","ts":"2025-11-24T04:50:38.006-05:00","source":{"id":"0","name":"eventBus"}}
{"__type":"$$EventMessageWorkflow","id":"37c25a98-7801-4431-aa4a-4bad93c5ae30","ts":"2025-11-24T04:50:44.802-05:00","eventName":"n8n.workflow.started","message":"n8n.workflow.started","payload":{"executionId":"15","workflowId":"c1hIM80c3gP5Yqv6","isManual":false,"workflowName":"API Mock Restaurantes"}}
{"__type":"$$EventMessageConfirm","confirm":"37c25a98-7801-4431-aa4a-4bad93c5ae30","ts":"2025-11-24T04:50:44.803-05:00","source":{"id":"0","name":"eventBus"}}
{"__type":"$$EventMessageNode","id":"f636e162-b959-404c-8589-9fc47fbab731","ts":"2025-11-24T04:50:44.803-05:00","eventName":"n8n.node.started","message":"n8n.node.started","payload":{"workflowId":"c1hIM80c3gP5Yqv6","workflowName":"API Mock Restaurantes","executionId":"15","nodeType":"n8n-nodes-base.webhook","nodeName":"Webhook","nodeId":"f5f371d2-1ddd-4bb3-b3c5-d0aba7c66f49"}}
{"__type":"$$EventMessageConfirm","confirm":"f636e162-b959-404c-8589-9fc47fbab731","ts":"2025-11-24T04:50:44.803-05:00","source":{"id":"0","name":"eventBus"}}
{"__type":"$$EventMessageNode","id":"8dd0bbe2-d7ce-40d3-8a91-c1680d55a1fb","ts":"2025-11-24T04:50:44.803-05:00","eventName":"n8n.node.finished","message":"n8n.node.finished","payload":{"workflowId":"c1hIM80c3gP5Yqv6","workflowName":"API Mock Restaurantes","executionId":"15","nodeType":"n8n-nodes-base.webhook","nodeName":"Webhook","nodeId":"f5f371d2-1ddd-4bb3-b3c5-d0aba7c66f49"}}
{"__type":"$$EventMessageConfirm","confirm":"8dd0bbe2-d7ce-40d3-8a91-c1680d55a1fb","ts":"2025-11-24T04:50:44.803-05:00","source":{"id":"0","name":"eventBus"}}
{"__type":"$$EventMessageWorkflow","id":"5cd8db09-f6c2-4fc4-b9cf-05be506e3c1a","ts":"2025-11-24T04:50:44.803-05:00","eventName":"n8n.workflow.failed","message":"n8n.workflow.failed","payload":{"executionId":"15","success":false,"isManual":false,"workflowId":"c1hIM80c3gP5Yqv6","workflowName":"API Mock Restaurantes","lastNodeExecuted":"Webhook","errorMessage":"No Respond to Webhook node found in the workflow"}}
{"__type":"$$EventMessageConfirm","confirm":"5cd8db09-f6c2-4fc4-b9cf-05be506e3c1a","ts":"2025-11-24T04:50:44.804-05:00","source":{"id":"0","name":"eventBus"}}
{"__type":"$$EventMessageWorkflow","id":"40344e5f-4312-4707-8b40-e6c8420af1fe","ts":"2025-11-24T04:51:02.339-05:00","eventName":"n8n.workflow.started","message":"n8n.workflow.started","payload":{"executionId":"16","workflowId":"c1hIM80c3gP5Yqv6","isManual":false,"workflowName":"API Mock Restaurantes"}}
{"__type":"$$EventMessageConfirm","confirm":"40344e5f-4312-4707-8b40-e6c8420af1fe","ts":"2025-11-24T04:51:02.339-05:00","source":{"id":"0","name":"eventBus"}}
{"__type":"$$EventMessageNode","id":"8a441de6-efd5-487f-95ac-34e14cf6352d","ts":"2025-11-24T04:51:02.340-05:00","eventName":"n8n.node.started","message":"n8n.node.started","payload":{"workflowId":"c1hIM80c3gP5Yqv6","workflowName":"API Mock Restaurantes","executionId":"16","nodeType":"n8n-nodes-base.webhook","nodeName":"Webhook","nodeId":"f5f371d2-1ddd-4bb3-b3c5-d0aba7c66f49"}}
{"__type":"$$EventMessageConfirm","confirm":"8a441de6-efd5-487f-95ac-34e14cf6352d","ts":"2025-11-24T04:51:02.340-05:00","source":{"id":"0","name":"eventBus"}}
{"__type":"$$EventMessageNode","id":"d706170e-6d46-46f1-a3d9-4c9672d3ab10","ts":"2025-11-24T04:51:02.341-05:00","eventName":"n8n.node.finished","message":"n8n.node.finished","payload":{"workflowId":"c1hIM80c3gP5Yqv6","workflowName":"API Mock Restaurantes","executionId":"16","nodeType":"n8n-nodes-base.webhook","nodeName":"Webhook","nodeId":"f5f371d2-1ddd-4bb3-b3c5-d0aba7c66f49"}}
{"__type":"$$EventMessageConfirm","confirm":"d706170e-6d46-46f1-a3d9-4c9672d3ab10","ts":"2025-11-24T04:51:02.341-05:00","source":{"id":"0","name":"eventBus"}}
{"__type":"$$EventMessageWorkflow","id":"daf3332a-68d4-434d-8b33-22b9832d073f","ts":"2025-11-24T04:51:02.346-05:00","eventName":"n8n.workflow.failed","message":"n8n.workflow.failed","payload":{"executionId":"16","success":false,"isManual":true,"workflowId":"c1hIM80c3gP5Yqv6","workflowName":"API Mock Restaurantes","lastNodeExecuted":"Webhook","errorMessage":"No Respond to Webhook node found in the workflow"}}
{"__type":"$$EventMessageConfirm","confirm":"daf3332a-68d4-434d-8b33-22b9832d073f","ts":"2025-11-24T04:51:02.346-05:00","source":{"id":"0","name":"eventBus"}}
{"__type":"$$EventMessageAudit","id":"bac8bc01-a765-4bdf-afd0-297d4741ad09","ts":"2025-11-24T04:53:32.825-05:00","eventName":"n8n.audit.workflow.updated","message":"n8n.audit.workflow.updated","payload":{"userId":"37b1115d-371f-481d-9048-d416b0a0b749","_email":"karolsalvador91@gmail.com","_firstName":"Karoline","_lastName":"Salvador","globalRole":"global:owner","workflowId":"c1hIM80c3gP5Yqv6","workflowName":"API Mock Restaurantes"}}
{"__type":"$$EventMessageConfirm","confirm":"bac8bc01-a765-4bdf-afd0-297d4741ad09","ts":"2025-11-24T04:53:32.826-05:00","source":{"id":"0","name":"eventBus"}}
{"__type":"$$EventMessageWorkflow","id":"47e63621-9821-48fc-8023-fc46ab618604","ts":"2025-11-24T04:53:44.386-05:00","eventName":"n8n.workflow.started","message":"n8n.workflow.started","payload":{"executionId":"17","workflowId":"c1hIM80c3gP5Yqv6","isManual":false,"workflowName":"API Mock Restaurantes"}}
{"__type":"$$EventMessageConfirm","confirm":"47e63621-9821-48fc-8023-fc46ab618604","ts":"2025-11-24T04:53:44.386-05:00","source":{"id":"0","name":"eventBus"}}
{"__type":"$$EventMessageNode","id":"d9424e0a-7b16-46b0-a78c-5a8872b7aad6","ts":"2025-11-24T04:53:44.387-05:00","eventName":"n8n.node.started","message":"n8n.node.started","payload":{"workflowId":"c1hIM80c3gP5Yqv6","workflowName":"API Mock Restaurantes","executionId":"17","nodeType":"n8n-nodes-base.webhook","nodeName":"Webhook","nodeId":"f5f371d2-1ddd-4bb3-b3c5-d0aba7c66f49"}}
{"__type":"$$EventMessageConfirm","confirm":"d9424e0a-7b16-46b0-a78c-5a8872b7aad6","ts":"2025-11-24T04:53:44.388-05:00","source":{"id":"0","name":"eventBus"}}
{"__type":"$$EventMessageNode","id":"3213d57b-fec9-49e6-91d0-96795f8f0b20","ts":"2025-11-24T04:53:44.389-05:00","eventName":"n8n.node.finished","message":"n8n.node.finished","payload":{"workflowId":"c1hIM80c3gP5Yqv6","workflowName":"API Mock Restaurantes","executionId":"17","nodeType":"n8n-nodes-base.webhook","nodeName":"Webhook","nodeId":"f5f371d2-1ddd-4bb3-b3c5-d0aba7c66f49"}}
{"__type":"$$EventMessageConfirm","confirm":"3213d57b-fec9-49e6-91d0-96795f8f0b20","ts":"2025-11-24T04:53:44.389-05:00","source":{"id":"0","name":"eventBus"}}
{"__type":"$$EventMessageNode","id":"ced0835f-654e-489f-98bf-fd515b2960f1","ts":"2025-11-24T04:53:44.391-05:00","eventName":"n8n.node.started","message":"n8n.node.started","payload":{"workflowId":"c1hIM80c3gP5Yqv6","workflowName":"API Mock Restaurantes","executionId":"17","nodeType":"n8n-nodes-base.set","nodeName":"Edit Fields","nodeId":"286c2f23-a009-4e54-a95f-410316c89d07"}}
{"__type":"$$EventMessageConfirm","confirm":"ced0835f-654e-489f-98bf-fd515b2960f1","ts":"2025-11-24T04:53:44.391-05:00","source":{"id":"0","name":"eventBus"}}
{"__type":"$$EventMessageNode","id":"6ececcd4-fed6-4ac7-9feb-c2ed73da6bcb","ts":"2025-11-24T04:53:44.393-05:00","eventName":"n8n.node.finished","message":"n8n.node.finished","payload":{"workflowId":"c1hIM80c3gP5Yqv6","workflowName":"API Mock Restaurantes","executionId":"17","nodeType":"n8n-nodes-base.set","nodeName":"Edit Fields","nodeId":"286c2f23-a009-4e54-a95f-410316c89d07"}}
{"__type":"$$EventMessageConfirm","confirm":"6ececcd4-fed6-4ac7-9feb-c2ed73da6bcb","ts":"2025-11-24T04:53:44.393-05:00","source":{"id":"0","name":"eventBus"}}
{"__type":"$$EventMessageNode","id":"cba68e2b-75b6-4d47-a30a-6010212c7b3d","ts":"2025-11-24T04:53:44.394-05:00","eventName":"n8n.node.started","message":"n8n.node.started","payload":{"workflowId":"c1hIM80c3gP5Yqv6","workflowName":"API Mock Restaurantes","executionId":"17","nodeType":"n8n-nodes-base.respondToWebhook","nodeName":"Respond to Webhook","nodeId":"8be512b0-32d5-4ca5-8935-377b7021469b"}}
{"__type":"$$EventMessageConfirm","confirm":"cba68e2b-75b6-4d47-a30a-6010212c7b3d","ts":"2025-11-24T04:53:44.394-05:00","source":{"id":"0","name":"eventBus"}}
{"__type":"$$EventMessageNode","id":"eda0e872-46a0-4e17-a980-a4501e71ece9","ts":"2025-11-24T04:53:44.402-05:00","eventName":"n8n.node.finished","message":"n8n.node.finished","payload":{"workflowId":"c1hIM80c3gP5Yqv6","workflowName":"API Mock Restaurantes","executionId":"17","nodeType":"n8n-nodes-base.respondToWebhook","nodeName":"Respond to Webhook","nodeId":"8be512b0-32d5-4ca5-8935-377b7021469b"}}
{"__type":"$$EventMessageConfirm","confirm":"eda0e872-46a0-4e17-a980-a4501e71ece9","ts":"2025-11-24T04:53:44.402-05:00","source":{"id":"0","name":"eventBus"}}
{"__type":"$$EventMessageWorkflow","id":"047c34ff-93a2-4c30-98e8-31ad3ec4ac3f","ts":"2025-11-24T04:53:44.405-05:00","eventName":"n8n.workflow.success","message":"n8n.workflow.success","payload":{"executionId":"17","success":true,"isManual":true,"workflowId":"c1hIM80c3gP5Yqv6","workflowName":"API Mock Restaurantes"}}
{"__type":"$$EventMessageConfirm","confirm":"047c34ff-93a2-4c30-98e8-31ad3ec4ac3f","ts":"2025-11-24T04:53:44.405-05:00","source":{"id":"0","name":"eventBus"}}
{"__type":"$$EventMessageAudit","id":"23433f81-0ea2-4d73-a6de-f6e5ccb2aac4","ts":"2025-11-24T04:55:23.684-05:00","eventName":"n8n.audit.workflow.updated","message":"n8n.audit.workflow.updated","payload":{"userId":"37b1115d-371f-481d-9048-d416b0a0b749","_email":"karolsalvador91@gmail.com","_firstName":"Karoline","_lastName":"Salvador","globalRole":"global:owner","workflowId":"c1hIM80c3gP5Yqv6","workflowName":"API Mock Restaurantes"}}
{"__type":"$$EventMessageConfirm","confirm":"23433f81-0ea2-4d73-a6de-f6e5ccb2aac4","ts":"2025-11-24T04:55:23.684-05:00","source":{"id":"0","name":"eventBus"}}
{"__type":"$$EventMessageAudit","id":"718ccda4-ed74-4bc9-89c8-b670fe6ddfa1","ts":"2025-11-24T07:36:22.570-05:00","eventName":"n8n.audit.workflow.updated","message":"n8n.audit.workflow.updated","payload":{"userId":"37b1115d-371f-481d-9048-d416b0a0b749","_email":"karolsalvador91@gmail.com","_firstName":"Karoline","_lastName":"Salvador","globalRole":"global:owner","workflowId":"c1hIM80c3gP5Yqv6","workflowName":"API Mock Restaurantes"}}
{"__type":"$$EventMessageConfirm","confirm":"718ccda4-ed74-4bc9-89c8-b670fe6ddfa1","ts":"2025-11-24T07:36:22.580-05:00","source":{"id":"0","name":"eventBus"}}
{"__type":"$$EventMessageWorkflow","id":"516b0fb2-c50b-4e78-8342-42ceea494d8c","ts":"2025-11-24T07:50:55.957-05:00","eventName":"n8n.workflow.started","message":"n8n.workflow.started","payload":{"executionId":"18","workflowId":"c1hIM80c3gP5Yqv6","isManual":false,"workflowName":"API Mock Restaurantes"}}
{"__type":"$$EventMessageConfirm","confirm":"516b0fb2-c50b-4e78-8342-42ceea494d8c","ts":"2025-11-24T07:50:55.962-05:00","source":{"id":"0","name":"eventBus"}}
{"__type":"$$EventMessageNode","id":"b517de38-60ff-4f37-bec5-cc1f7ac47847","ts":"2025-11-24T07:50:55.969-05:00","eventName":"n8n.node.started","message":"n8n.node.started","payload":{"workflowId":"c1hIM80c3gP5Yqv6","workflowName":"API Mock Restaurantes","executionId":"18","nodeType":"n8n-nodes-base.webhook","nodeName":"Webhook","nodeId":"f5f371d2-1ddd-4bb3-b3c5-d0aba7c66f49"}}
{"__type":"$$EventMessageConfirm","confirm":"b517de38-60ff-4f37-bec5-cc1f7ac47847","ts":"2025-11-24T07:50:55.969-05:00","source":{"id":"0","name":"eventBus"}}
{"__type":"$$EventMessageNode","id":"63d99c1d-c688-421d-a803-536abf043edf","ts":"2025-11-24T07:50:55.978-05:00","eventName":"n8n.node.finished","message":"n8n.node.finished","payload":{"workflowId":"c1hIM80c3gP5Yqv6","workflowName":"API Mock Restaurantes","executionId":"18","nodeType":"n8n-nodes-base.webhook","nodeName":"Webhook","nodeId":"f5f371d2-1ddd-4bb3-b3c5-d0aba7c66f49"}}
{"__type":"$$EventMessageConfirm","confirm":"63d99c1d-c688-421d-a803-536abf043edf","ts":"2025-11-24T07:50:55.978-05:00","source":{"id":"0","name":"eventBus"}}
{"__type":"$$EventMessageNode","id":"9aa2a3ee-978d-4ac7-9fe8-d9c93b992cd5","ts":"2025-11-24T07:50:55.980-05:00","eventName":"n8n.node.started","message":"n8n.node.started","payload":{"workflowId":"c1hIM80c3gP5Yqv6","workflowName":"API Mock Restaurantes","executionId":"18","nodeType":"n8n-nodes-base.set","nodeName":"Edit Fields","nodeId":"286c2f23-a009-4e54-a95f-410316c89d07"}}
{"__type":"$$EventMessageConfirm","confirm":"9aa2a3ee-978d-4ac7-9fe8-d9c93b992cd5","ts":"2025-11-24T07:50:55.980-05:00","source":{"id":"0","name":"eventBus"}}
{"__type":"$$EventMessageNode","id":"794aefd4-2ed0-4cd0-883d-8292ac0e8f54","ts":"2025-11-24T07:50:56.047-05:00","eventName":"n8n.node.finished","message":"n8n.node.finished","payload":{"workflowId":"c1hIM80c3gP5Yqv6","workflowName":"API Mock Restaurantes","executionId":"18","nodeType":"n8n-nodes-base.set","nodeName":"Edit Fields","nodeId":"286c2f23-a009-4e54-a95f-410316c89d07"}}
{"__type":"$$EventMessageConfirm","confirm":"794aefd4-2ed0-4cd0-883d-8292ac0e8f54","ts":"2025-11-24T07:50:56.047-05:00","source":{"id":"0","name":"eventBus"}}
{"__type":"$$EventMessageWorkflow","id":"4ca402f9-2c6c-4180-901c-41c2af17ec6e","ts":"2025-11-24T07:50:56.058-05:00","eventName":"n8n.workflow.failed","message":"n8n.workflow.failed","payload":{"executionId":"18","success":false,"isManual":false,"workflowId":"c1hIM80c3gP5Yqv6","workflowName":"API Mock Restaurantes","lastNodeExecuted":"Edit Fields","errorNodeType":"n8n-nodes-base.set","errorMessage":"The 'JSON Output' in item 0 contains invalid JSON"}}
{"__type":"$$EventMessageConfirm","confirm":"4ca402f9-2c6c-4180-901c-41c2af17ec6e","ts":"2025-11-24T07:50:56.059-05:00","source":{"id":"0","name":"eventBus"}}
{"__type":"$$EventMessageWorkflow","id":"ed6c1ec8-1915-45e1-b179-16445dcb8608","ts":"2025-11-24T07:51:15.346-05:00","eventName":"n8n.workflow.started","message":"n8n.workflow.started","payload":{"executionId":"19","workflowId":"c1hIM80c3gP5Yqv6","isManual":false,"workflowName":"API Mock Restaurantes"}}
{"__type":"$$EventMessageConfirm","confirm":"ed6c1ec8-1915-45e1-b179-16445dcb8608","ts":"2025-11-24T07:51:15.347-05:00","source":{"id":"0","name":"eventBus"}}
{"__type":"$$EventMessageNode","id":"95a580a1-b30e-4701-b1a9-39347e319b3c","ts":"2025-11-24T07:51:15.359-05:00","eventName":"n8n.node.started","message":"n8n.node.started","payload":{"workflowId":"c1hIM80c3gP5Yqv6","workflowName":"API Mock Restaurantes","executionId":"19","nodeType":"n8n-nodes-base.webhook","nodeName":"Webhook","nodeId":"f5f371d2-1ddd-4bb3-b3c5-d0aba7c66f49"}}
{"__type":"$$EventMessageConfirm","confirm":"95a580a1-b30e-4701-b1a9-39347e319b3c","ts":"2025-11-24T07:51:15.359-05:00","source":{"id":"0","name":"eventBus"}}
{"__type":"$$EventMessageNode","id":"12df4491-b6ea-4806-bd1d-5eb4b56b5e6b","ts":"2025-11-24T07:51:15.361-05:00","eventName":"n8n.node.finished","message":"n8n.node.finished","payload":{"workflowId":"c1hIM80c3gP5Yqv6","workflowName":"API Mock Restaurantes","executionId":"19","nodeType":"n8n-nodes-base.webhook","nodeName":"Webhook","nodeId":"f5f371d2-1ddd-4bb3-b3c5-d0aba7c66f49"}}
{"__type":"$$EventMessageConfirm","confirm":"12df4491-b6ea-4806-bd1d-5eb4b56b5e6b","ts":"2025-11-24T07:51:15.361-05:00","source":{"id":"0","name":"eventBus"}}
{"__type":"$$EventMessageNode","id":"71a23f19-45a0-489f-b4c2-7c25749bf822","ts":"2025-11-24T07:51:15.364-05:00","eventName":"n8n.node.started","message":"n8n.node.started","payload":{"workflowId":"c1hIM80c3gP5Yqv6","workflowName":"API Mock Restaurantes","executionId":"19","nodeType":"n8n-nodes-base.set","nodeName":"Edit Fields","nodeId":"286c2f23-a009-4e54-a95f-410316c89d07"}}
{"__type":"$$EventMessageConfirm","confirm":"71a23f19-45a0-489f-b4c2-7c25749bf822","ts":"2025-11-24T07:51:15.364-05:00","source":{"id":"0","name":"eventBus"}}
{"__type":"$$EventMessageNode","id":"4e2087e1-1531-4958-9af1-e6c6eaf8c75f","ts":"2025-11-24T07:51:15.370-05:00","eventName":"n8n.node.finished","message":"n8n.node.finished","payload":{"workflowId":"c1hIM80c3gP5Yqv6","workflowName":"API Mock Restaurantes","executionId":"19","nodeType":"n8n-nodes-base.set","nodeName":"Edit Fields","nodeId":"286c2f23-a009-4e54-a95f-410316c89d07"}}
{"__type":"$$EventMessageConfirm","confirm":"4e2087e1-1531-4958-9af1-e6c6eaf8c75f","ts":"2025-11-24T07:51:15.370-05:00","source":{"id":"0","name":"eventBus"}}
{"__type":"$$EventMessageWorkflow","id":"1bb5f187-f416-4aef-a64d-50ba9021ac68","ts":"2025-11-24T07:51:15.418-05:00","eventName":"n8n.workflow.failed","message":"n8n.workflow.failed","payload":{"executionId":"19","success":false,"isManual":true,"workflowId":"c1hIM80c3gP5Yqv6","workflowName":"API Mock Restaurantes","lastNodeExecuted":"Edit Fields","errorNodeType":"n8n-nodes-base.set","errorMessage":"The 'JSON Output' in item 0 contains invalid JSON"}}
{"__type":"$$EventMessageConfirm","confirm":"1bb5f187-f416-4aef-a64d-50ba9021ac68","ts":"2025-11-24T07:51:15.418-05:00","source":{"id":"0","name":"eventBus"}}
{"__type":"$$EventMessageAudit","id":"7938505a-8207-43c6-a0e4-c37e38b9fe25","ts":"2025-11-24T07:52:50.609-05:00","eventName":"n8n.audit.workflow.updated","message":"n8n.audit.workflow.updated","payload":{"userId":"37b1115d-371f-481d-9048-d416b0a0b749","_email":"karolsalvador91@gmail.com","_firstName":"Karoline","_lastName":"Salvador","globalRole":"global:owner","workflowId":"c1hIM80c3gP5Yqv6","workflowName":"API Mock Restaurantes"}}
{"__type":"$$EventMessageConfirm","confirm":"7938505a-8207-43c6-a0e4-c37e38b9fe25","ts":"2025-11-24T07:52:50.610-05:00","source":{"id":"0","name":"eventBus"}}
{"__type":"$$EventMessageWorkflow","id":"f47e27df-6486-49ab-938c-3c06c64eecef","ts":"2025-11-24T07:52:55.398-05:00","eventName":"n8n.workflow.started","message":"n8n.workflow.started","payload":{"executionId":"20","workflowId":"c1hIM80c3gP5Yqv6","isManual":false,"workflowName":"API Mock Restaurantes"}}
{"__type":"$$EventMessageConfirm","confirm":"f47e27df-6486-49ab-938c-3c06c64eecef","ts":"2025-11-24T07:52:55.398-05:00","source":{"id":"0","name":"eventBus"}}
{"__type":"$$EventMessageNode","id":"c5dcb8bc-8098-4d8f-b854-371967a6330a","ts":"2025-11-24T07:52:55.404-05:00","eventName":"n8n.node.started","message":"n8n.node.started","payload":{"workflowId":"c1hIM80c3gP5Yqv6","workflowName":"API Mock Restaurantes","executionId":"20","nodeType":"n8n-nodes-base.webhook","nodeName":"Webhook","nodeId":"f5f371d2-1ddd-4bb3-b3c5-d0aba7c66f49"}}
{"__type":"$$EventMessageConfirm","confirm":"c5dcb8bc-8098-4d8f-b854-371967a6330a","ts":"2025-11-24T07:52:55.404-05:00","source":{"id":"0","name":"eventBus"}}
{"__type":"$$EventMessageNode","id":"7b494b13-b6d6-4f45-91a1-ea1ad2f6ac73","ts":"2025-11-24T07:52:55.406-05:00","eventName":"n8n.node.finished","message":"n8n.node.finished","payload":{"workflowId":"c1hIM80c3gP5Yqv6","workflowName":"API Mock Restaurantes","executionId":"20","nodeType":"n8n-nodes-base.webhook","nodeName":"Webhook","nodeId":"f5f371d2-1ddd-4bb3-b3c5-d0aba7c66f49"}}
{"__type":"$$EventMessageConfirm","confirm":"7b494b13-b6d6-4f45-91a1-ea1ad2f6ac73","ts":"2025-11-24T07:52:55.407-05:00","source":{"id":"0","name":"eventBus"}}
{"__type":"$$EventMessageNode","id":"568a184d-efbf-4e5e-920b-3d4eac5f32c1","ts":"2025-11-24T07:52:55.409-05:00","eventName":"n8n.node.started","message":"n8n.node.started","payload":{"workflowId":"c1hIM80c3gP5Yqv6","workflowName":"API Mock Restaurantes","executionId":"20","nodeType":"n8n-nodes-base.set","nodeName":"Edit Fields","nodeId":"286c2f23-a009-4e54-a95f-410316c89d07"}}
{"__type":"$$EventMessageConfirm","confirm":"568a184d-efbf-4e5e-920b-3d4eac5f32c1","ts":"2025-11-24T07:52:55.409-05:00","source":{"id":"0","name":"eventBus"}}
{"__type":"$$EventMessageNode","id":"8ab56f78-7010-444a-95d4-700b9b0431ab","ts":"2025-11-24T07:52:55.420-05:00","eventName":"n8n.node.finished","message":"n8n.node.finished","payload":{"workflowId":"c1hIM80c3gP5Yqv6","workflowName":"API Mock Restaurantes","executionId":"20","nodeType":"n8n-nodes-base.set","nodeName":"Edit Fields","nodeId":"286c2f23-a009-4e54-a95f-410316c89d07"}}
{"__type":"$$EventMessageConfirm","confirm":"8ab56f78-7010-444a-95d4-700b9b0431ab","ts":"2025-11-24T07:52:55.420-05:00","source":{"id":"0","name":"eventBus"}}
{"__type":"$$EventMessageNode","id":"252c9a91-9e44-44e8-baba-419ba6374221","ts":"2025-11-24T07:52:55.422-05:00","eventName":"n8n.node.started","message":"n8n.node.started","payload":{"workflowId":"c1hIM80c3gP5Yqv6","workflowName":"API Mock Restaurantes","executionId":"20","nodeType":"n8n-nodes-base.respondToWebhook","nodeName":"Respond to Webhook","nodeId":"8be512b0-32d5-4ca5-8935-377b7021469b"}}
{"__type":"$$EventMessageConfirm","confirm":"252c9a91-9e44-44e8-baba-419ba6374221","ts":"2025-11-24T07:52:55.422-05:00","source":{"id":"0","name":"eventBus"}}
{"__type":"$$EventMessageNode","id":"f03f61ba-a199-46f4-80f5-8159633e26fe","ts":"2025-11-24T07:52:55.440-05:00","eventName":"n8n.node.finished","message":"n8n.node.finished","payload":{"workflowId":"c1hIM80c3gP5Yqv6","workflowName":"API Mock Restaurantes","executionId":"20","nodeType":"n8n-nodes-base.respondToWebhook","nodeName":"Respond to Webhook","nodeId":"8be512b0-32d5-4ca5-8935-377b7021469b"}}
{"__type":"$$EventMessageConfirm","confirm":"f03f61ba-a199-46f4-80f5-8159633e26fe","ts":"2025-11-24T07:52:55.440-05:00","source":{"id":"0","name":"eventBus"}}
{"__type":"$$EventMessageWorkflow","id":"6caa111c-cc4b-47ea-a055-ae3802c0663d","ts":"2025-11-24T07:52:55.447-05:00","eventName":"n8n.workflow.success","message":"n8n.workflow.success","payload":{"executionId":"20","success":true,"isManual":true,"workflowId":"c1hIM80c3gP5Yqv6","workflowName":"API Mock Restaurantes"}}
{"__type":"$$EventMessageConfirm","confirm":"6caa111c-cc4b-47ea-a055-ae3802c0663d","ts":"2025-11-24T07:52:55.447-05:00","source":{"id":"0","name":"eventBus"}}
{"__type":"$$EventMessageAudit","id":"ca878e53-3e0c-41f0-9fb6-7a514c437ab7","ts":"2025-11-24T08:07:25.132-05:00","eventName":"n8n.audit.workflow.created","message":"n8n.audit.workflow.created","payload":{"userId":"37b1115d-371f-481d-9048-d416b0a0b749","_email":"karolsalvador91@gmail.com","_firstName":"Karoline","_lastName":"Salvador","globalRole":"global:owner","workflowId":"StpP8rGThXSKMZIX","workflowName":"My workflow"}}
{"__type":"$$EventMessageConfirm","confirm":"ca878e53-3e0c-41f0-9fb6-7a514c437ab7","ts":"2025-11-24T08:07:25.142-05:00","source":{"id":"0","name":"eventBus"}}
{"__type":"$$EventMessageAudit","id":"d64fdaae-012a-4ad3-ba3e-e548c825885a","ts":"2025-11-24T08:07:26.434-05:00","eventName":"n8n.audit.workflow.updated","message":"n8n.audit.workflow.updated","payload":{"userId":"37b1115d-371f-481d-9048-d416b0a0b749","_email":"karolsalvador91@gmail.com","_firstName":"Karoline","_lastName":"Salvador","globalRole":"global:owner","workflowId":"StpP8rGThXSKMZIX","workflowName":"My workflow"}}
{"__type":"$$EventMessageConfirm","confirm":"d64fdaae-012a-4ad3-ba3e-e548c825885a","ts":"2025-11-24T08:07:26.434-05:00","source":{"id":"0","name":"eventBus"}}
{"__type":"$$EventMessageWorkflow","id":"6656f69f-0b99-42f3-bf05-52d70d1a7053","ts":"2025-11-24T08:14:56.914-05:00","eventName":"n8n.workflow.started","message":"n8n.workflow.started","payload":{"executionId":"21","workflowId":"StpP8rGThXSKMZIX","isManual":false,"workflowName":"My workflow"}}
{"__type":"$$EventMessageConfirm","confirm":"6656f69f-0b99-42f3-bf05-52d70d1a7053","ts":"2025-11-24T08:14:56.915-05:00","source":{"id":"0","name":"eventBus"}}
{"__type":"$$EventMessageNode","id":"a614687e-d49e-436d-9dae-dff080365014","ts":"2025-11-24T08:14:56.922-05:00","eventName":"n8n.node.started","message":"n8n.node.started","payload":{"workflowId":"StpP8rGThXSKMZIX","workflowName":"My workflow","executionId":"21","nodeType":"n8n-nodes-base.webhook","nodeName":"Webhook","nodeId":"a8ce1892-e707-4a1b-83aa-5fe1ed1bb733"}}
{"__type":"$$EventMessageConfirm","confirm":"a614687e-d49e-436d-9dae-dff080365014","ts":"2025-11-24T08:14:56.922-05:00","source":{"id":"0","name":"eventBus"}}
{"__type":"$$EventMessageNode","id":"1b8fd4aa-1113-4083-b1d2-754f1c675180","ts":"2025-11-24T08:14:56.928-05:00","eventName":"n8n.node.finished","message":"n8n.node.finished","payload":{"workflowId":"StpP8rGThXSKMZIX","workflowName":"My workflow","executionId":"21","nodeType":"n8n-nodes-base.webhook","nodeName":"Webhook","nodeId":"a8ce1892-e707-4a1b-83aa-5fe1ed1bb733"}}
{"__type":"$$EventMessageConfirm","confirm":"1b8fd4aa-1113-4083-b1d2-754f1c675180","ts":"2025-11-24T08:14:56.928-05:00","source":{"id":"0","name":"eventBus"}}
{"__type":"$$EventMessageNode","id":"f73b71f6-abe8-4052-8d76-f368669b1cec","ts":"2025-11-24T08:14:56.933-05:00","eventName":"n8n.node.started","message":"n8n.node.started","payload":{"workflowId":"StpP8rGThXSKMZIX","workflowName":"My workflow","executionId":"21","nodeType":"n8n-nodes-base.respondToWebhook","nodeName":"Respond to Webhook","nodeId":"458af152-4221-4672-8481-9d8226b8de04"}}
{"__type":"$$EventMessageConfirm","confirm":"f73b71f6-abe8-4052-8d76-f368669b1cec","ts":"2025-11-24T08:14:56.933-05:00","source":{"id":"0","name":"eventBus"}}
{"__type":"$$EventMessageNode","id":"a45a226f-c3c4-4d54-8b65-4ba0d24d874f","ts":"2025-11-24T08:14:56.949-05:00","eventName":"n8n.node.finished","message":"n8n.node.finished","payload":{"workflowId":"StpP8rGThXSKMZIX","workflowName":"My workflow","executionId":"21","nodeType":"n8n-nodes-base.respondToWebhook","nodeName":"Respond to Webhook","nodeId":"458af152-4221-4672-8481-9d8226b8de04"}}
{"__type":"$$EventMessageConfirm","confirm":"a45a226f-c3c4-4d54-8b65-4ba0d24d874f","ts":"2025-11-24T08:14:56.949-05:00","source":{"id":"0","name":"eventBus"}}
{"__type":"$$EventMessageWorkflow","id":"001a03a1-2b52-4376-81d2-d823945a5f98","ts":"2025-11-24T08:14:56.965-05:00","eventName":"n8n.workflow.success","message":"n8n.workflow.success","payload":{"executionId":"21","success":true,"isManual":true,"workflowId":"StpP8rGThXSKMZIX","workflowName":"My workflow"}}
{"__type":"$$EventMessageConfirm","confirm":"001a03a1-2b52-4376-81d2-d823945a5f98","ts":"2025-11-24T08:14:56.965-05:00","source":{"id":"0","name":"eventBus"}}
{"__type":"$$EventMessageAudit","id":"d021cd11-0a20-439b-a7c4-583ab69850b0","ts":"2025-11-24T08:16:28.308-05:00","eventName":"n8n.audit.workflow.updated","message":"n8n.audit.workflow.updated","payload":{"userId":"37b1115d-371f-481d-9048-d416b0a0b749","_email":"karolsalvador91@gmail.com","_firstName":"Karoline","_lastName":"Salvador","globalRole":"global:owner","workflowId":"StpP8rGThXSKMZIX","workflowName":"Criar Pedido"}}
{"__type":"$$EventMessageConfirm","confirm":"d021cd11-0a20-439b-a7c4-583ab69850b0","ts":"2025-11-24T08:16:28.308-05:00","source":{"id":"0","name":"eventBus"}}
